Started GET "/" for 127.0.0.1 at 2019-07-04 14:13:38 -0400
Processing by Rails::WelcomeController#index as HTML
  Rendering /home/stickwarslit/git/dotfiles/submodules/asdf/installs/ruby/2.6.1/lib/ruby/gems/2.6.0/gems/railties-5.2.3/lib/rails/templates/rails/welcome/index.html.erb
  Rendered /home/stickwarslit/git/dotfiles/submodules/asdf/installs/ruby/2.6.1/lib/ruby/gems/2.6.0/gems/railties-5.2.3/lib/rails/templates/rails/welcome/index.html.erb (2.1ms)
Completed 200 OK in 24ms (Views: 19.1ms | ActiveRecord: 0.0ms)


Started GET "/demo" for 127.0.0.1 at 2019-07-04 14:20:21 -0400
  
ActionController::RoutingError (No route matches [GET] "/demo"):
  
actionpack (5.2.3) lib/action_dispatch/middleware/debug_exceptions.rb:65:in `call'
web-console (3.7.0) lib/web_console/middleware.rb:135:in `call_app'
web-console (3.7.0) lib/web_console/middleware.rb:30:in `block in call'
web-console (3.7.0) lib/web_console/middleware.rb:20:in `catch'
web-console (3.7.0) lib/web_console/middleware.rb:20:in `call'
actionpack (5.2.3) lib/action_dispatch/middleware/show_exceptions.rb:33:in `call'
railties (5.2.3) lib/rails/rack/logger.rb:38:in `call_app'
railties (5.2.3) lib/rails/rack/logger.rb:26:in `block in call'
activesupport (5.2.3) lib/active_support/tagged_logging.rb:71:in `block in tagged'
activesupport (5.2.3) lib/active_support/tagged_logging.rb:28:in `tagged'
activesupport (5.2.3) lib/active_support/tagged_logging.rb:71:in `tagged'
railties (5.2.3) lib/rails/rack/logger.rb:26:in `call'
sprockets-rails (3.2.1) lib/sprockets/rails/quiet_assets.rb:13:in `call'
actionpack (5.2.3) lib/action_dispatch/middleware/remote_ip.rb:81:in `call'
actionpack (5.2.3) lib/action_dispatch/middleware/request_id.rb:27:in `call'
rack (2.0.7) lib/rack/method_override.rb:22:in `call'
rack (2.0.7) lib/rack/runtime.rb:22:in `call'
activesupport (5.2.3) lib/active_support/cache/strategy/local_cache_middleware.rb:29:in `call'
actionpack (5.2.3) lib/action_dispatch/middleware/executor.rb:14:in `call'
actionpack (5.2.3) lib/action_dispatch/middleware/static.rb:127:in `call'
rack (2.0.7) lib/rack/sendfile.rb:111:in `call'
railties (5.2.3) lib/rails/engine.rb:524:in `call'
puma (3.12.1) lib/puma/configuration.rb:227:in `call'
puma (3.12.1) lib/puma/server.rb:660:in `handle_request'
puma (3.12.1) lib/puma/server.rb:474:in `process_client'
puma (3.12.1) lib/puma/server.rb:334:in `block in run'
puma (3.12.1) lib/puma/thread_pool.rb:135:in `block in spawn_thread'
Started GET "/demo/index" for 127.0.0.1 at 2019-07-04 14:20:25 -0400
Processing by DemoController#index as HTML
  Rendering demo/index.html.erb
  Rendered demo/index.html.erb (0.3ms)
Completed 200 OK in 2ms (Views: 1.2ms | ActiveRecord: 0.0ms)


Started GET "/demo/index" for 127.0.0.1 at 2019-07-04 14:24:07 -0400
Processing by DemoController#index as HTML
  Rendering demo/index.html.erb
  Rendered demo/index.html.erb (0.2ms)
Completed 200 OK in 1ms (Views: 0.7ms | ActiveRecord: 0.0ms)


Started GET "/demo/index" for 127.0.0.1 at 2019-07-04 14:25:56 -0400
Processing by DemoController#index as HTML
  Rendering demo/index.html.erb
  Rendered demo/index.html.erb (0.2ms)
Completed 200 OK in 1ms (Views: 0.7ms | ActiveRecord: 0.0ms)


Started GET "/demo/" for 127.0.0.1 at 2019-07-04 14:27:57 -0400
  
ActionController::RoutingError (No route matches [GET] "/demo"):
  
actionpack (5.2.3) lib/action_dispatch/middleware/debug_exceptions.rb:65:in `call'
web-console (3.7.0) lib/web_console/middleware.rb:135:in `call_app'
web-console (3.7.0) lib/web_console/middleware.rb:30:in `block in call'
web-console (3.7.0) lib/web_console/middleware.rb:20:in `catch'
web-console (3.7.0) lib/web_console/middleware.rb:20:in `call'
actionpack (5.2.3) lib/action_dispatch/middleware/show_exceptions.rb:33:in `call'
railties (5.2.3) lib/rails/rack/logger.rb:38:in `call_app'
railties (5.2.3) lib/rails/rack/logger.rb:26:in `block in call'
activesupport (5.2.3) lib/active_support/tagged_logging.rb:71:in `block in tagged'
activesupport (5.2.3) lib/active_support/tagged_logging.rb:28:in `tagged'
activesupport (5.2.3) lib/active_support/tagged_logging.rb:71:in `tagged'
railties (5.2.3) lib/rails/rack/logger.rb:26:in `call'
sprockets-rails (3.2.1) lib/sprockets/rails/quiet_assets.rb:13:in `call'
actionpack (5.2.3) lib/action_dispatch/middleware/remote_ip.rb:81:in `call'
actionpack (5.2.3) lib/action_dispatch/middleware/request_id.rb:27:in `call'
rack (2.0.7) lib/rack/method_override.rb:22:in `call'
rack (2.0.7) lib/rack/runtime.rb:22:in `call'
activesupport (5.2.3) lib/active_support/cache/strategy/local_cache_middleware.rb:29:in `call'
actionpack (5.2.3) lib/action_dispatch/middleware/executor.rb:14:in `call'
actionpack (5.2.3) lib/action_dispatch/middleware/static.rb:127:in `call'
rack (2.0.7) lib/rack/sendfile.rb:111:in `call'
railties (5.2.3) lib/rails/engine.rb:524:in `call'
puma (3.12.1) lib/puma/configuration.rb:227:in `call'
puma (3.12.1) lib/puma/server.rb:660:in `handle_request'
puma (3.12.1) lib/puma/server.rb:474:in `process_client'
puma (3.12.1) lib/puma/server.rb:334:in `block in run'
puma (3.12.1) lib/puma/thread_pool.rb:135:in `block in spawn_thread'
Started GET "/demo/hello" for 127.0.0.1 at 2019-07-04 14:29:30 -0400
Processing by DemoController#index as HTML
  Rendering demo/index.html.erb
  Rendered demo/index.html.erb (0.2ms)
Completed 200 OK in 2ms (Views: 1.4ms | ActiveRecord: 0.0ms)


Started GET "/demo/index" for 127.0.0.1 at 2019-07-04 14:31:56 -0400
DEPRECATION WARNING: Using a dynamic :controller segment in a route is deprecated and will be removed in Rails 6.0. (called from block in <main> at /home/stickwarslit/Projects/simple_cms/config/routes.rb:6)
DEPRECATION WARNING: Using a dynamic :action segment in a route is deprecated and will be removed in Rails 6.0. (called from block in <main> at /home/stickwarslit/Projects/simple_cms/config/routes.rb:6)
Processing by DemoController#index as HTML
  Rendering demo/index.html.erb
  Rendered demo/index.html.erb (0.3ms)
Completed 200 OK in 2ms (Views: 1.2ms | ActiveRecord: 0.0ms)


Started GET "/demo/" for 127.0.0.1 at 2019-07-04 14:32:02 -0400
Processing by DemoController#index as HTML
  Rendering demo/index.html.erb
  Rendered demo/index.html.erb (0.5ms)
Completed 200 OK in 2ms (Views: 1.3ms | ActiveRecord: 0.0ms)


Started GET "/" for 127.0.0.1 at 2019-07-04 14:32:58 -0400
Processing by DemoController#index as HTML
  Rendering demo/index.html.erb
  Rendered demo/index.html.erb (0.2ms)
Completed 200 OK in 1ms (Views: 0.8ms | ActiveRecord: 0.0ms)


Started GET "/my/girlfriend" for 127.0.0.1 at 2019-07-04 14:34:55 -0400
Processing by MyController#girlfriend as HTML
  Rendering my/girlfriend.html.erb within layouts/application
  Rendered my/girlfriend.html.erb within layouts/application (0.2ms)
Completed 200 OK in 960ms (Views: 959.1ms | ActiveRecord: 0.0ms)


Started GET "/my/mother" for 127.0.0.1 at 2019-07-04 14:35:00 -0400
Processing by MyController#mother as HTML
  Rendering my/mother.html.erb within layouts/application
  Rendered my/mother.html.erb within layouts/application (0.2ms)
Completed 200 OK in 14ms (Views: 13.2ms | ActiveRecord: 0.0ms)


Started GET "/demo/hello" for 127.0.0.1 at 2019-07-04 14:36:53 -0400
Processing by DemoController#hello as HTML
  Rendering demo/hello.html.erb
  Rendered demo/hello.html.erb (0.2ms)
Completed 200 OK in 2ms (Views: 1.3ms | ActiveRecord: 0.0ms)


Started GET "/demo/hello" for 127.0.0.1 at 2019-07-04 14:39:02 -0400
Processing by DemoController#hello as HTML
  Rendering demo/index.html.erb
  Rendered demo/index.html.erb (0.9ms)
Completed 200 OK in 2ms (Views: 1.7ms | ActiveRecord: 0.0ms)


Started GET "/demo/index" for 127.0.0.1 at 2019-07-04 14:39:05 -0400
Processing by DemoController#index as HTML
  Rendering demo/hello.html.erb
  Rendered demo/hello.html.erb (0.3ms)
Completed 200 OK in 2ms (Views: 2.0ms | ActiveRecord: 0.0ms)


Started GET "/demo/other_hello" for 127.0.0.1 at 2019-07-04 14:42:12 -0400
  
ActionController::RoutingError (No route matches [GET] "/demo/other_hello"):
  
actionpack (5.2.3) lib/action_dispatch/middleware/debug_exceptions.rb:65:in `call'
web-console (3.7.0) lib/web_console/middleware.rb:135:in `call_app'
web-console (3.7.0) lib/web_console/middleware.rb:30:in `block in call'
web-console (3.7.0) lib/web_console/middleware.rb:20:in `catch'
web-console (3.7.0) lib/web_console/middleware.rb:20:in `call'
actionpack (5.2.3) lib/action_dispatch/middleware/show_exceptions.rb:33:in `call'
railties (5.2.3) lib/rails/rack/logger.rb:38:in `call_app'
railties (5.2.3) lib/rails/rack/logger.rb:26:in `block in call'
activesupport (5.2.3) lib/active_support/tagged_logging.rb:71:in `block in tagged'
activesupport (5.2.3) lib/active_support/tagged_logging.rb:28:in `tagged'
activesupport (5.2.3) lib/active_support/tagged_logging.rb:71:in `tagged'
railties (5.2.3) lib/rails/rack/logger.rb:26:in `call'
sprockets-rails (3.2.1) lib/sprockets/rails/quiet_assets.rb:13:in `call'
actionpack (5.2.3) lib/action_dispatch/middleware/remote_ip.rb:81:in `call'
actionpack (5.2.3) lib/action_dispatch/middleware/request_id.rb:27:in `call'
rack (2.0.7) lib/rack/method_override.rb:22:in `call'
rack (2.0.7) lib/rack/runtime.rb:22:in `call'
activesupport (5.2.3) lib/active_support/cache/strategy/local_cache_middleware.rb:29:in `call'
actionpack (5.2.3) lib/action_dispatch/middleware/executor.rb:14:in `call'
actionpack (5.2.3) lib/action_dispatch/middleware/static.rb:127:in `call'
rack (2.0.7) lib/rack/sendfile.rb:111:in `call'
railties (5.2.3) lib/rails/engine.rb:524:in `call'
puma (3.12.1) lib/puma/configuration.rb:227:in `call'
puma (3.12.1) lib/puma/server.rb:660:in `handle_request'
puma (3.12.1) lib/puma/server.rb:474:in `process_client'
puma (3.12.1) lib/puma/server.rb:334:in `block in run'
puma (3.12.1) lib/puma/thread_pool.rb:135:in `block in spawn_thread'
Started GET "/demo/other_hello" for 127.0.0.1 at 2019-07-04 14:42:43 -0400
Processing by DemoController#other_hello as HTML
Redirected to http://localhost:3000/
Completed 302 Found in 1ms (ActiveRecord: 0.0ms)


Started GET "/" for 127.0.0.1 at 2019-07-04 14:42:43 -0400
Processing by DemoController#index as HTML
  Rendering demo/hello.html.erb
  Rendered demo/hello.html.erb (0.2ms)
Completed 200 OK in 1ms (Views: 0.9ms | ActiveRecord: 0.0ms)


Started GET "/demo/lynda" for 127.0.0.1 at 2019-07-04 14:44:09 -0400
Processing by DemoController#lynda as HTML
Redirected to http://localhost:3000httpL//lynda.com
Completed 302 Found in 0ms (ActiveRecord: 0.0ms)


Started GET "/demo/lynda" for 127.0.0.1 at 2019-07-04 14:44:22 -0400
Processing by DemoController#lynda as HTML
Redirected to http://lynda.com
Completed 302 Found in 0ms (ActiveRecord: 0.0ms)


Started GET "/demo/hello" for 127.0.0.1 at 2019-07-04 14:47:44 -0400
Processing by DemoController#hello as HTML
  Rendering demo/hello.html.erb
  Rendered demo/hello.html.erb (0.2ms)
Completed 200 OK in 1ms (Views: 0.9ms | ActiveRecord: 0.0ms)


Started GET "/demo/hello" for 127.0.0.1 at 2019-07-04 14:48:17 -0400
Processing by DemoController#hello as HTML
  Rendering demo/hello.html.erb
  Rendered demo/hello.html.erb (0.3ms)
Completed 200 OK in 1ms (Views: 0.8ms | ActiveRecord: 0.0ms)


Started GET "/demo/hello" for 127.0.0.1 at 2019-07-04 14:48:42 -0400
Processing by DemoController#hello as HTML
  Rendering demo/hello.html.erb
  Rendered demo/hello.html.erb (0.3ms)
Completed 200 OK in 1ms (Views: 0.8ms | ActiveRecord: 0.0ms)


Started GET "/demo/hello" for 127.0.0.1 at 2019-07-04 14:50:41 -0400
Processing by DemoController#hello as HTML
  Rendering demo/hello.html.erb
  Rendered demo/hello.html.erb (0.5ms)
Completed 200 OK in 2ms (Views: 1.3ms | ActiveRecord: 0.0ms)


Started GET "/demo/hello" for 127.0.0.1 at 2019-07-04 14:52:25 -0400
Processing by DemoController#hello as HTML
  Rendering demo/hello.html.erb
  Rendered demo/hello.html.erb (0.3ms)
Completed 200 OK in 1ms (Views: 1.1ms | ActiveRecord: 0.0ms)


Started GET "/demo/hello" for 127.0.0.1 at 2019-07-04 14:54:35 -0400
Processing by DemoController#hello as HTML
  Rendering demo/hello.html.erb
  Rendered demo/hello.html.erb (0.6ms)
Completed 200 OK in 1ms (Views: 1.1ms | ActiveRecord: 0.0ms)


Started GET "/" for 127.0.0.1 at 2019-07-04 14:54:37 -0400
Processing by DemoController#index as HTML
  Rendering demo/index.html.erb
  Rendered demo/index.html.erb (0.2ms)
Completed 200 OK in 1ms (Views: 0.7ms | ActiveRecord: 0.0ms)


Started GET "/demo/hello" for 127.0.0.1 at 2019-07-04 14:57:30 -0400
Processing by DemoController#hello as HTML
  Rendering demo/hello.html.erb
  Rendered demo/hello.html.erb (0.7ms)
Completed 200 OK in 2ms (Views: 1.4ms | ActiveRecord: 0.0ms)


Started GET "/" for 127.0.0.1 at 2019-07-04 14:57:31 -0400
Processing by DemoController#index as HTML
  Rendering demo/index.html.erb
  Rendered demo/index.html.erb (0.7ms)
Completed 500 Internal Server Error in 2ms (ActiveRecord: 0.0ms)


  
SyntaxError (/home/stickwarslit/Projects/simple_cms/app/views/demo/index.html.erb:3: syntax error, unexpected '{', expecting ')'
...append=( link_to 'Hello page' {:action => 'hello'} );@output...
...                              ^
/home/stickwarslit/Projects/simple_cms/app/views/demo/index.html.erb:3: syntax error, unexpected '}', expecting ')'
...ello page' {:action => 'hello'} );@output_buffer.safe_append...
...                              ^
/home/stickwarslit/Projects/simple_cms/app/views/demo/index.html.erb:5: syntax error, unexpected '{', expecting ')'
...k_to 'Hello page with params' {:action => 'hello', :page => ...
...                              ^
/home/stickwarslit/Projects/simple_cms/app/views/demo/index.html.erb:5: syntax error, unexpected ',', expecting ')'
...th params' {:action => 'hello', :page => 5, :id => 20} );
...                              ^
/home/stickwarslit/Projects/simple_cms/app/views/demo/index.html.erb:8: syntax error, unexpected ensure, expecting ')'
          ensure
          ^~~~~~
/home/stickwarslit/Projects/simple_cms/app/views/demo/index.html.erb:10: syntax error, unexpected end, expecting ')'
          end
          ^~~):
  
app/views/demo/index.html.erb:3: syntax error, unexpected '{', expecting ')'
app/views/demo/index.html.erb:3: syntax error, unexpected '}', expecting ')'
app/views/demo/index.html.erb:5: syntax error, unexpected '{', expecting ')'
app/views/demo/index.html.erb:5: syntax error, unexpected ',', expecting ')'
app/views/demo/index.html.erb:8: syntax error, unexpected ensure, expecting ')'
app/views/demo/index.html.erb:10: syntax error, unexpected end, expecting ')'
app/controllers/demo_controller.rb:6:in `index'
Started GET "/" for 127.0.0.1 at 2019-07-04 14:57:46 -0400
Processing by DemoController#index as HTML
  Rendering demo/index.html.erb
  Rendered demo/index.html.erb (0.4ms)
Completed 500 Internal Server Error in 1ms (ActiveRecord: 0.0ms)


  
SyntaxError (/home/stickwarslit/Projects/simple_cms/app/views/demo/index.html.erb:3: syntax error, unexpected '{', expecting ')'
...append=( link_to 'Hello page' {:action => 'hello'} );@output...
...                              ^
/home/stickwarslit/Projects/simple_cms/app/views/demo/index.html.erb:3: syntax error, unexpected '}', expecting ')'
...ello page' {:action => 'hello'} );@output_buffer.safe_append...
...                              ^
/home/stickwarslit/Projects/simple_cms/app/views/demo/index.html.erb:8: syntax error, unexpected ensure, expecting ')'
          ensure
          ^~~~~~
/home/stickwarslit/Projects/simple_cms/app/views/demo/index.html.erb:10: syntax error, unexpected end, expecting ')'
          end
          ^~~):
  
app/views/demo/index.html.erb:3: syntax error, unexpected '{', expecting ')'
app/views/demo/index.html.erb:3: syntax error, unexpected '}', expecting ')'
app/views/demo/index.html.erb:8: syntax error, unexpected ensure, expecting ')'
app/views/demo/index.html.erb:10: syntax error, unexpected end, expecting ')'
app/controllers/demo_controller.rb:6:in `index'
Started GET "/" for 127.0.0.1 at 2019-07-04 14:57:57 -0400
Processing by DemoController#index as HTML
  Rendering demo/index.html.erb
  Rendered demo/index.html.erb (0.5ms)
Completed 200 OK in 1ms (Views: 1.0ms | ActiveRecord: 0.0ms)


Started GET "/demo/hello?id=20&page=5" for 127.0.0.1 at 2019-07-04 14:57:59 -0400
Processing by DemoController#hello as HTML
  Parameters: {"id"=>"20", "page"=>"5"}
  Rendering demo/hello.html.erb
  Rendered demo/hello.html.erb (0.6ms)
Completed 200 OK in 2ms (Views: 1.3ms | ActiveRecord: 0.0ms)


Started GET "/demo/hello?id=20&page=5" for 127.0.0.1 at 2019-07-04 15:00:05 -0400
Processing by DemoController#hello as HTML
  Parameters: {"id"=>"20", "page"=>"5"}
  Rendering demo/hello.html.erb
  Rendered demo/hello.html.erb (0.7ms)
Completed 200 OK in 2ms (Views: 1.4ms | ActiveRecord: 0.0ms)


Started GET "/" for 127.0.0.1 at 2019-07-04 15:00:08 -0400
Processing by DemoController#index as HTML
  Rendering demo/index.html.erb
  Rendered demo/index.html.erb (0.5ms)
Completed 200 OK in 1ms (Views: 1.0ms | ActiveRecord: 0.0ms)


Started GET "/demo/hello" for 127.0.0.1 at 2019-07-04 15:00:09 -0400
Processing by DemoController#hello as HTML
  Rendering demo/hello.html.erb
  Rendered demo/hello.html.erb (0.7ms)
Completed 200 OK in 16ms (Views: 2.6ms | ActiveRecord: 0.0ms)


Started GET "/demo/hello" for 127.0.0.1 at 2019-07-04 15:01:15 -0400
Processing by DemoController#hello as HTML
  Rendering demo/hello.html.erb
  Rendered demo/hello.html.erb (0.6ms)
Completed 200 OK in 2ms (Views: 1.2ms | ActiveRecord: 0.0ms)


